DESKTOP-V3TA1NH RuleGenerator 10:28:47.356 [32m[main][0;39m [34mINFO[0;39m ca.ucalgary.rules599.Rules599Application -  STARTING Rules599 APPLICATION
DESKTOP-V3TA1NH RuleGenerator 10:28:48.387 [32m[main][0;39m [1;31mERROR[0;39m org.springframework.boot.SpringApplication - Application run failed
java.lang.IllegalStateException: java.lang.IllegalStateException: Logback configuration error detected: 
ERROR in c.q.l.core.rolling.DefaultTimeBasedFileNamingAndTriggeringPolicy - Filename pattern [rules_599-%d{yyyy-MM-dd}.%i.log.gz] contains an integer token converter, i.e. %i, INCOMPATIBLE with this configuration. Remove it.
ERROR in c.q.l.core.rolling.DefaultTimeBasedFileNamingAndTriggeringPolicy - Filename pattern [rules_599-%d{yyyy-MM-dd}.%i.log.gz] contains an integer token converter, i.e. %i, INCOMPATIBLE with this configuration. Remove it.
	at org.springframework.boot.context.logging.LoggingApplicationListener.initializeSystem(LoggingApplicationListener.java:276)
	at org.springframework.boot.context.logging.LoggingApplicationListener.initialize(LoggingApplicationListener.java:237)
	at org.springframework.boot.context.logging.LoggingApplicationListener.onApplicationEnvironmentPreparedEvent(LoggingApplicationListener.java:200)
	at org.springframework.boot.context.logging.LoggingApplicationListener.onApplicationEvent(LoggingApplicationListener.java:173)
	at org.springframework.context.event.SimpleApplicationEventMulticaster.doInvokeListener(SimpleApplicationEventMulticaster.java:172)
	at org.springframework.context.event.SimpleApplicationEventMulticaster.invokeListener(SimpleApplicationEventMulticaster.java:165)
	at org.springframework.context.event.SimpleApplicationEventMulticaster.multicastEvent(SimpleApplicationEventMulticaster.java:139)
	at org.springframework.context.event.SimpleApplicationEventMulticaster.multicastEvent(SimpleApplicationEventMulticaster.java:127)
	at org.springframework.boot.context.event.EventPublishingRunListener.environmentPrepared(EventPublishingRunListener.java:74)
	at org.springframework.boot.SpringApplicationRunListeners.environmentPrepared(SpringApplicationRunListeners.java:54)
	at org.springframework.boot.SpringApplication.prepareEnvironment(SpringApplication.java:358)
	at org.springframework.boot.SpringApplication.run(SpringApplication.java:317)
	at org.springframework.boot.SpringApplication.run(SpringApplication.java:1255)
	at org.springframework.boot.SpringApplication.run(SpringApplication.java:1243)
	at ca.ucalgary.rules599.Rules599Application.main(Rules599Application.java:37)
Caused by: java.lang.IllegalStateException: Logback configuration error detected: 
ERROR in c.q.l.core.rolling.DefaultTimeBasedFileNamingAndTriggeringPolicy - Filename pattern [rules_599-%d{yyyy-MM-dd}.%i.log.gz] contains an integer token converter, i.e. %i, INCOMPATIBLE with this configuration. Remove it.
ERROR in c.q.l.core.rolling.DefaultTimeBasedFileNamingAndTriggeringPolicy - Filename pattern [rules_599-%d{yyyy-MM-dd}.%i.log.gz] contains an integer token converter, i.e. %i, INCOMPATIBLE with this configuration. Remove it.
	at org.springframework.boot.logging.logback.LogbackLoggingSystem.loadConfiguration(LogbackLoggingSystem.java:166)
	at org.springframework.boot.logging.AbstractLoggingSystem.initializeWithSpecificConfig(AbstractLoggingSystem.java:67)
	at org.springframework.boot.logging.AbstractLoggingSystem.initialize(AbstractLoggingSystem.java:57)
	at org.springframework.boot.logging.logback.LogbackLoggingSystem.initialize(LogbackLoggingSystem.java:114)
	at org.springframework.boot.context.logging.LoggingApplicationListener.initializeSystem(LoggingApplicationListener.java:269)
	... 14 common frames omitted
DESKTOP-V3TA1NH RuleGenerator 12:54:43.116 [32m[main][0;39m [34mINFO[0;39m ca.ucalgary.rules599.Rules599Application -  STARTING Rules599 APPLICATION
DESKTOP-V3TA1NH RuleGenerator 12:54:44.001 [32m[main][0;39m [1;31mERROR[0;39m org.springframework.boot.SpringApplication - Application run failed
java.lang.IllegalStateException: java.lang.IllegalStateException: Logback configuration error detected: 
ERROR in c.q.l.core.rolling.DefaultTimeBasedFileNamingAndTriggeringPolicy - Filename pattern [rules_599-%d{yyyy-MM-dd}.%i.log.gz] contains an integer token converter, i.e. %i, INCOMPATIBLE with this configuration. Remove it.
ERROR in c.q.l.core.rolling.DefaultTimeBasedFileNamingAndTriggeringPolicy - Filename pattern [rules_599-%d{yyyy-MM-dd}.%i.log.gz] contains an integer token converter, i.e. %i, INCOMPATIBLE with this configuration. Remove it.
	at org.springframework.boot.context.logging.LoggingApplicationListener.initializeSystem(LoggingApplicationListener.java:276)
	at org.springframework.boot.context.logging.LoggingApplicationListener.initialize(LoggingApplicationListener.java:237)
	at org.springframework.boot.context.logging.LoggingApplicationListener.onApplicationEnvironmentPreparedEvent(LoggingApplicationListener.java:200)
	at org.springframework.boot.context.logging.LoggingApplicationListener.onApplicationEvent(LoggingApplicationListener.java:173)
	at org.springframework.context.event.SimpleApplicationEventMulticaster.doInvokeListener(SimpleApplicationEventMulticaster.java:172)
	at org.springframework.context.event.SimpleApplicationEventMulticaster.invokeListener(SimpleApplicationEventMulticaster.java:165)
	at org.springframework.context.event.SimpleApplicationEventMulticaster.multicastEvent(SimpleApplicationEventMulticaster.java:139)
	at org.springframework.context.event.SimpleApplicationEventMulticaster.multicastEvent(SimpleApplicationEventMulticaster.java:127)
	at org.springframework.boot.context.event.EventPublishingRunListener.environmentPrepared(EventPublishingRunListener.java:74)
	at org.springframework.boot.SpringApplicationRunListeners.environmentPrepared(SpringApplicationRunListeners.java:54)
	at org.springframework.boot.SpringApplication.prepareEnvironment(SpringApplication.java:358)
	at org.springframework.boot.SpringApplication.run(SpringApplication.java:317)
	at org.springframework.boot.SpringApplication.run(SpringApplication.java:1255)
	at org.springframework.boot.SpringApplication.run(SpringApplication.java:1243)
	at ca.ucalgary.rules599.Rules599Application.main(Rules599Application.java:37)
	at java.base/jdk.internal.reflect.NativeMethodAccessorImpl.invoke0(Native Method)
	at java.base/jdk.internal.reflect.NativeMethodAccessorImpl.invoke(NativeMethodAccessorImpl.java:62)
	at java.base/jdk.internal.reflect.DelegatingMethodAccessorImpl.invoke(DelegatingMethodAccessorImpl.java:43)
	at java.base/java.lang.reflect.Method.invoke(Method.java:566)
	at org.springframework.boot.loader.MainMethodRunner.run(MainMethodRunner.java:48)
	at org.springframework.boot.loader.Launcher.launch(Launcher.java:87)
	at org.springframework.boot.loader.Launcher.launch(Launcher.java:50)
	at org.springframework.boot.loader.JarLauncher.main(JarLauncher.java:51)
Caused by: java.lang.IllegalStateException: Logback configuration error detected: 
ERROR in c.q.l.core.rolling.DefaultTimeBasedFileNamingAndTriggeringPolicy - Filename pattern [rules_599-%d{yyyy-MM-dd}.%i.log.gz] contains an integer token converter, i.e. %i, INCOMPATIBLE with this configuration. Remove it.
ERROR in c.q.l.core.rolling.DefaultTimeBasedFileNamingAndTriggeringPolicy - Filename pattern [rules_599-%d{yyyy-MM-dd}.%i.log.gz] contains an integer token converter, i.e. %i, INCOMPATIBLE with this configuration. Remove it.
	at org.springframework.boot.logging.logback.LogbackLoggingSystem.loadConfiguration(LogbackLoggingSystem.java:166)
	at org.springframework.boot.logging.AbstractLoggingSystem.initializeWithSpecificConfig(AbstractLoggingSystem.java:67)
	at org.springframework.boot.logging.AbstractLoggingSystem.initialize(AbstractLoggingSystem.java:57)
	at org.springframework.boot.logging.logback.LogbackLoggingSystem.initialize(LogbackLoggingSystem.java:114)
	at org.springframework.boot.context.logging.LoggingApplicationListener.initializeSystem(LoggingApplicationListener.java:269)
	... 22 common frames omitted
DESKTOP-V3TA1NH RuleGenerator 13:03:11.207 [32m[main][0;39m [34mINFO[0;39m ca.ucalgary.rules599.Rules599Application -  STARTING Rules599 APPLICATION
DESKTOP-V3TA1NH RuleGenerator 13:03:12.124 [32m[main][0;39m [1;31mERROR[0;39m org.springframework.boot.SpringApplication - Application run failed
java.lang.IllegalStateException: java.lang.IllegalStateException: Logback configuration error detected: 
ERROR in ch.qos.logback.core.pattern.parser.Compiler@7dc7cbad - There is no conversion class registered for conversion word [s]
ERROR in ch.qos.logback.core.pattern.parser.Compiler@7dc7cbad - [s] is not a valid conversion word
ERROR in ch.qos.logback.core.pattern.parser.Compiler@d2cc05a - There is no conversion class registered for conversion word [s]
ERROR in ch.qos.logback.core.pattern.parser.Compiler@d2cc05a - [s] is not a valid conversion word
ERROR in ch.qos.logback.core.pattern.parser.Compiler@78b729e6 - There is no conversion class registered for conversion word [s]
ERROR in ch.qos.logback.core.pattern.parser.Compiler@78b729e6 - [s] is not a valid conversion word
ERROR in ch.qos.logback.core.pattern.parser.Compiler@6b4a4e18 - There is no conversion class registered for conversion word [s]
ERROR in ch.qos.logback.core.pattern.parser.Compiler@6b4a4e18 - [s] is not a valid conversion word
	at org.springframework.boot.context.logging.LoggingApplicationListener.initializeSystem(LoggingApplicationListener.java:276)
	at org.springframework.boot.context.logging.LoggingApplicationListener.initialize(LoggingApplicationListener.java:237)
	at org.springframework.boot.context.logging.LoggingApplicationListener.onApplicationEnvironmentPreparedEvent(LoggingApplicationListener.java:200)
	at org.springframework.boot.context.logging.LoggingApplicationListener.onApplicationEvent(LoggingApplicationListener.java:173)
	at org.springframework.context.event.SimpleApplicationEventMulticaster.doInvokeListener(SimpleApplicationEventMulticaster.java:172)
	at org.springframework.context.event.SimpleApplicationEventMulticaster.invokeListener(SimpleApplicationEventMulticaster.java:165)
	at org.springframework.context.event.SimpleApplicationEventMulticaster.multicastEvent(SimpleApplicationEventMulticaster.java:139)
	at org.springframework.context.event.SimpleApplicationEventMulticaster.multicastEvent(SimpleApplicationEventMulticaster.java:127)
	at org.springframework.boot.context.event.EventPublishingRunListener.environmentPrepared(EventPublishingRunListener.java:74)
	at org.springframework.boot.SpringApplicationRunListeners.environmentPrepared(SpringApplicationRunListeners.java:54)
	at org.springframework.boot.SpringApplication.prepareEnvironment(SpringApplication.java:358)
	at org.springframework.boot.SpringApplication.run(SpringApplication.java:317)
	at org.springframework.boot.SpringApplication.run(SpringApplication.java:1255)
	at org.springframework.boot.SpringApplication.run(SpringApplication.java:1243)
	at ca.ucalgary.rules599.Rules599Application.main(Rules599Application.java:37)
	at java.base/jdk.internal.reflect.NativeMethodAccessorImpl.invoke0(Native Method)
	at java.base/jdk.internal.reflect.NativeMethodAccessorImpl.invoke(NativeMethodAccessorImpl.java:62)
	at java.base/jdk.internal.reflect.DelegatingMethodAccessorImpl.invoke(DelegatingMethodAccessorImpl.java:43)
	at java.base/java.lang.reflect.Method.invoke(Method.java:566)
	at org.springframework.boot.loader.MainMethodRunner.run(MainMethodRunner.java:48)
	at org.springframework.boot.loader.Launcher.launch(Launcher.java:87)
	at org.springframework.boot.loader.Launcher.launch(Launcher.java:50)
	at org.springframework.boot.loader.JarLauncher.main(JarLauncher.java:51)
Caused by: java.lang.IllegalStateException: Logback configuration error detected: 
ERROR in ch.qos.logback.core.pattern.parser.Compiler@7dc7cbad - There is no conversion class registered for conversion word [s]
ERROR in ch.qos.logback.core.pattern.parser.Compiler@7dc7cbad - [s] is not a valid conversion word
ERROR in ch.qos.logback.core.pattern.parser.Compiler@d2cc05a - There is no conversion class registered for conversion word [s]
ERROR in ch.qos.logback.core.pattern.parser.Compiler@d2cc05a - [s] is not a valid conversion word
ERROR in ch.qos.logback.core.pattern.parser.Compiler@78b729e6 - There is no conversion class registered for conversion word [s]
ERROR in ch.qos.logback.core.pattern.parser.Compiler@78b729e6 - [s] is not a valid conversion word
ERROR in ch.qos.logback.core.pattern.parser.Compiler@6b4a4e18 - There is no conversion class registered for conversion word [s]
ERROR in ch.qos.logback.core.pattern.parser.Compiler@6b4a4e18 - [s] is not a valid conversion word
	at org.springframework.boot.logging.logback.LogbackLoggingSystem.loadConfiguration(LogbackLoggingSystem.java:166)
	at org.springframework.boot.logging.AbstractLoggingSystem.initializeWithSpecificConfig(AbstractLoggingSystem.java:67)
	at org.springframework.boot.logging.AbstractLoggingSystem.initialize(AbstractLoggingSystem.java:57)
	at org.springframework.boot.logging.logback.LogbackLoggingSystem.initialize(LogbackLoggingSystem.java:114)
	at org.springframework.boot.context.logging.LoggingApplicationListener.initializeSystem(LoggingApplicationListener.java:269)
	... 22 common frames omitted
DESKTOP-V3TA1NH RuleGenerator 13:03:43.947 [32m[main][0;39m [34mINFO[0;39m ca.ucalgary.rules599.Rules599Application -  STARTING Rules599 APPLICATION
DESKTOP-V3TA1NH RuleGenerator 13:03:44.854 [32m[main][0;39m [1;31mERROR[0;39m org.springframework.boot.SpringApplication - Application run failed
java.lang.IllegalStateException: java.lang.IllegalStateException: Logback configuration error detected: 
ERROR in ch.qos.logback.core.pattern.parser.Compiler@7dc7cbad - There is no conversion class registered for conversion word [s]
ERROR in ch.qos.logback.core.pattern.parser.Compiler@7dc7cbad - [s] is not a valid conversion word
ERROR in ch.qos.logback.core.pattern.parser.Compiler@d2cc05a - There is no conversion class registered for conversion word [s]
ERROR in ch.qos.logback.core.pattern.parser.Compiler@d2cc05a - [s] is not a valid conversion word
ERROR in ch.qos.logback.core.pattern.parser.Compiler@78b729e6 - There is no conversion class registered for conversion word [s]
ERROR in ch.qos.logback.core.pattern.parser.Compiler@78b729e6 - [s] is not a valid conversion word
ERROR in ch.qos.logback.core.pattern.parser.Compiler@6b4a4e18 - There is no conversion class registered for conversion word [s]
ERROR in ch.qos.logback.core.pattern.parser.Compiler@6b4a4e18 - [s] is not a valid conversion word
	at org.springframework.boot.context.logging.LoggingApplicationListener.initializeSystem(LoggingApplicationListener.java:276)
	at org.springframework.boot.context.logging.LoggingApplicationListener.initialize(LoggingApplicationListener.java:237)
	at org.springframework.boot.context.logging.LoggingApplicationListener.onApplicationEnvironmentPreparedEvent(LoggingApplicationListener.java:200)
	at org.springframework.boot.context.logging.LoggingApplicationListener.onApplicationEvent(LoggingApplicationListener.java:173)
	at org.springframework.context.event.SimpleApplicationEventMulticaster.doInvokeListener(SimpleApplicationEventMulticaster.java:172)
	at org.springframework.context.event.SimpleApplicationEventMulticaster.invokeListener(SimpleApplicationEventMulticaster.java:165)
	at org.springframework.context.event.SimpleApplicationEventMulticaster.multicastEvent(SimpleApplicationEventMulticaster.java:139)
	at org.springframework.context.event.SimpleApplicationEventMulticaster.multicastEvent(SimpleApplicationEventMulticaster.java:127)
	at org.springframework.boot.context.event.EventPublishingRunListener.environmentPrepared(EventPublishingRunListener.java:74)
	at org.springframework.boot.SpringApplicationRunListeners.environmentPrepared(SpringApplicationRunListeners.java:54)
	at org.springframework.boot.SpringApplication.prepareEnvironment(SpringApplication.java:358)
	at org.springframework.boot.SpringApplication.run(SpringApplication.java:317)
	at org.springframework.boot.SpringApplication.run(SpringApplication.java:1255)
	at org.springframework.boot.SpringApplication.run(SpringApplication.java:1243)
	at ca.ucalgary.rules599.Rules599Application.main(Rules599Application.java:37)
	at java.base/jdk.internal.reflect.NativeMethodAccessorImpl.invoke0(Native Method)
	at java.base/jdk.internal.reflect.NativeMethodAccessorImpl.invoke(NativeMethodAccessorImpl.java:62)
	at java.base/jdk.internal.reflect.DelegatingMethodAccessorImpl.invoke(DelegatingMethodAccessorImpl.java:43)
	at java.base/java.lang.reflect.Method.invoke(Method.java:566)
	at org.springframework.boot.loader.MainMethodRunner.run(MainMethodRunner.java:48)
	at org.springframework.boot.loader.Launcher.launch(Launcher.java:87)
	at org.springframework.boot.loader.Launcher.launch(Launcher.java:50)
	at org.springframework.boot.loader.JarLauncher.main(JarLauncher.java:51)
Caused by: java.lang.IllegalStateException: Logback configuration error detected: 
ERROR in ch.qos.logback.core.pattern.parser.Compiler@7dc7cbad - There is no conversion class registered for conversion word [s]
ERROR in ch.qos.logback.core.pattern.parser.Compiler@7dc7cbad - [s] is not a valid conversion word
ERROR in ch.qos.logback.core.pattern.parser.Compiler@d2cc05a - There is no conversion class registered for conversion word [s]
ERROR in ch.qos.logback.core.pattern.parser.Compiler@d2cc05a - [s] is not a valid conversion word
ERROR in ch.qos.logback.core.pattern.parser.Compiler@78b729e6 - There is no conversion class registered for conversion word [s]
ERROR in ch.qos.logback.core.pattern.parser.Compiler@78b729e6 - [s] is not a valid conversion word
ERROR in ch.qos.logback.core.pattern.parser.Compiler@6b4a4e18 - There is no conversion class registered for conversion word [s]
ERROR in ch.qos.logback.core.pattern.parser.Compiler@6b4a4e18 - [s] is not a valid conversion word
	at org.springframework.boot.logging.logback.LogbackLoggingSystem.loadConfiguration(LogbackLoggingSystem.java:166)
	at org.springframework.boot.logging.AbstractLoggingSystem.initializeWithSpecificConfig(AbstractLoggingSystem.java:67)
	at org.springframework.boot.logging.AbstractLoggingSystem.initialize(AbstractLoggingSystem.java:57)
	at org.springframework.boot.logging.logback.LogbackLoggingSystem.initialize(LogbackLoggingSystem.java:114)
	at org.springframework.boot.context.logging.LoggingApplicationListener.initializeSystem(LoggingApplicationListener.java:269)
	... 22 common frames omitted
DESKTOP-V3TA1NH RuleGenerator 13:04:39.495 [32m[main][0;39m [34mINFO[0;39m ca.ucalgary.rules599.Rules599Application -  STARTING Rules599 APPLICATION
DESKTOP-V3TA1NH RuleGenerator 13:04:40.307 [32m[main][0;39m [1;31mERROR[0;39m org.springframework.boot.SpringApplication - Application run failed
java.lang.IllegalStateException: java.lang.IllegalStateException: Logback configuration error detected: 
ERROR in c.q.l.core.rolling.DefaultTimeBasedFileNamingAndTriggeringPolicy - Filename pattern [rules_599-%d{yyyy-MM-dd}.%i.log.gz] contains an integer token converter, i.e. %i, INCOMPATIBLE with this configuration. Remove it.
ERROR in c.q.l.core.rolling.DefaultTimeBasedFileNamingAndTriggeringPolicy - Filename pattern [rules_599-%d{yyyy-MM-dd}.%i.log.gz] contains an integer token converter, i.e. %i, INCOMPATIBLE with this configuration. Remove it.
	at org.springframework.boot.context.logging.LoggingApplicationListener.initializeSystem(LoggingApplicationListener.java:276)
	at org.springframework.boot.context.logging.LoggingApplicationListener.initialize(LoggingApplicationListener.java:237)
	at org.springframework.boot.context.logging.LoggingApplicationListener.onApplicationEnvironmentPreparedEvent(LoggingApplicationListener.java:200)
	at org.springframework.boot.context.logging.LoggingApplicationListener.onApplicationEvent(LoggingApplicationListener.java:173)
	at org.springframework.context.event.SimpleApplicationEventMulticaster.doInvokeListener(SimpleApplicationEventMulticaster.java:172)
	at org.springframework.context.event.SimpleApplicationEventMulticaster.invokeListener(SimpleApplicationEventMulticaster.java:165)
	at org.springframework.context.event.SimpleApplicationEventMulticaster.multicastEvent(SimpleApplicationEventMulticaster.java:139)
	at org.springframework.context.event.SimpleApplicationEventMulticaster.multicastEvent(SimpleApplicationEventMulticaster.java:127)
	at org.springframework.boot.context.event.EventPublishingRunListener.environmentPrepared(EventPublishingRunListener.java:74)
	at org.springframework.boot.SpringApplicationRunListeners.environmentPrepared(SpringApplicationRunListeners.java:54)
	at org.springframework.boot.SpringApplication.prepareEnvironment(SpringApplication.java:358)
	at org.springframework.boot.SpringApplication.run(SpringApplication.java:317)
	at org.springframework.boot.SpringApplication.run(SpringApplication.java:1255)
	at org.springframework.boot.SpringApplication.run(SpringApplication.java:1243)
	at ca.ucalgary.rules599.Rules599Application.main(Rules599Application.java:37)
	at java.base/jdk.internal.reflect.NativeMethodAccessorImpl.invoke0(Native Method)
	at java.base/jdk.internal.reflect.NativeMethodAccessorImpl.invoke(NativeMethodAccessorImpl.java:62)
	at java.base/jdk.internal.reflect.DelegatingMethodAccessorImpl.invoke(DelegatingMethodAccessorImpl.java:43)
	at java.base/java.lang.reflect.Method.invoke(Method.java:566)
	at org.springframework.boot.loader.MainMethodRunner.run(MainMethodRunner.java:48)
	at org.springframework.boot.loader.Launcher.launch(Launcher.java:87)
	at org.springframework.boot.loader.Launcher.launch(Launcher.java:50)
	at org.springframework.boot.loader.JarLauncher.main(JarLauncher.java:51)
Caused by: java.lang.IllegalStateException: Logback configuration error detected: 
ERROR in c.q.l.core.rolling.DefaultTimeBasedFileNamingAndTriggeringPolicy - Filename pattern [rules_599-%d{yyyy-MM-dd}.%i.log.gz] contains an integer token converter, i.e. %i, INCOMPATIBLE with this configuration. Remove it.
ERROR in c.q.l.core.rolling.DefaultTimeBasedFileNamingAndTriggeringPolicy - Filename pattern [rules_599-%d{yyyy-MM-dd}.%i.log.gz] contains an integer token converter, i.e. %i, INCOMPATIBLE with this configuration. Remove it.
	at org.springframework.boot.logging.logback.LogbackLoggingSystem.loadConfiguration(LogbackLoggingSystem.java:166)
	at org.springframework.boot.logging.AbstractLoggingSystem.initializeWithSpecificConfig(AbstractLoggingSystem.java:67)
	at org.springframework.boot.logging.AbstractLoggingSystem.initialize(AbstractLoggingSystem.java:57)
	at org.springframework.boot.logging.logback.LogbackLoggingSystem.initialize(LogbackLoggingSystem.java:114)
	at org.springframework.boot.context.logging.LoggingApplicationListener.initializeSystem(LoggingApplicationListener.java:269)
	... 22 common frames omitted
DESKTOP-V3TA1NH RuleGenerator 13:10:05.871 [32m[main][0;39m [34mINFO[0;39m ca.ucalgary.rules599.Rules599Application -  STARTING Rules599 APPLICATION
DESKTOP-V3TA1NH RuleGenerator 13:10:06.929 [32m[main][0;39m [34mINFO[0;39m ca.ucalgary.rules599.Rules599Application - Starting Rules599Application v1.0-SNAPSHOT on DESKTOP-V3TA1NH with PID 5612 (C:\Users\Hatcher\Documents\GitHub\Test\CPSC599.44-MachineLearning\target\rules_599-1.0-SNAPSHOT-spring-boot.jar started by Hatcher in C:\Users\Hatcher\Documents\GitHub\Test\CPSC599.44-MachineLearning)
DESKTOP-V3TA1NH RuleGenerator 13:10:06.932 [32m[main][0;39m [34mINFO[0;39m ca.ucalgary.rules599.Rules599Application - The following profiles are active: local
DESKTOP-V3TA1NH RuleGenerator 13:10:06.964 [32m[main][0;39m [34mINFO[0;39m o.s.c.a.AnnotationConfigApplicationContext - Refreshing org.springframework.context.annotation.AnnotationConfigApplicationContext@43ee72e6: startup date [Thu Apr 09 13:10:06 MDT 2020]; root of context hierarchy
DESKTOP-V3TA1NH RuleGenerator 13:10:07.171 [32m[main][0;39m [31mWARN[0;39m o.s.c.a.AnnotationConfigApplicationContext - Exception encountered during context initialization - cancelling refresh attempt: org.springframework.beans.factory.UnsatisfiedDependencyException: Error creating bean with name 'rules599Application': Unsatisfied dependency expressed through field 'trainerConfig'; nested exception is org.springframework.beans.factory.NoSuchBeanDefinitionException: No qualifying bean of type 'ca.ucalgary.rules599.config.TrainerConfig' available: expected at least 1 bean which qualifies as autowire candidate. Dependency annotations: {@org.springframework.beans.factory.annotation.Autowired(required=true)}
DESKTOP-V3TA1NH RuleGenerator 13:10:07.188 [32m[main][0;39m [1;31mERROR[0;39m o.s.b.diagnostics.LoggingFailureAnalysisReporter - 

***************************
APPLICATION FAILED TO START
***************************

Description:

Field trainerConfig in ca.ucalgary.rules599.Rules599Application required a bean of type 'ca.ucalgary.rules599.config.TrainerConfig' that could not be found.


Action:

Consider defining a bean of type 'ca.ucalgary.rules599.config.TrainerConfig' in your configuration.

DESKTOP-V3TA1NH RuleGenerator 13:12:47.802 [32m[main][0;39m [34mINFO[0;39m ca.ucalgary.rules599.Rules599Application -  STARTING Rules599 APPLICATION
DESKTOP-V3TA1NH RuleGenerator 13:12:48.744 [32m[main][0;39m [34mINFO[0;39m ca.ucalgary.rules599.Rules599Application - Starting Rules599Application v1.0-SNAPSHOT on DESKTOP-V3TA1NH with PID 16808 (C:\Users\Hatcher\Documents\GitHub\Test\CPSC599.44-MachineLearning\target\rules_599-1.0-SNAPSHOT-spring-boot.jar started by Hatcher in C:\Users\Hatcher\Documents\GitHub\Test\CPSC599.44-MachineLearning)
DESKTOP-V3TA1NH RuleGenerator 13:12:48.746 [32m[main][0;39m [34mINFO[0;39m ca.ucalgary.rules599.Rules599Application - The following profiles are active: local
DESKTOP-V3TA1NH RuleGenerator 13:12:48.783 [32m[main][0;39m [34mINFO[0;39m o.s.c.a.AnnotationConfigApplicationContext - Refreshing org.springframework.context.annotation.AnnotationConfigApplicationContext@23529fee: startup date [Thu Apr 09 13:12:48 MDT 2020]; root of context hierarchy
DESKTOP-V3TA1NH RuleGenerator 13:12:49.035 [32m[main][0;39m [31mWARN[0;39m o.s.c.a.AnnotationConfigApplicationContext - Exception encountered during context initialization - cancelling refresh attempt: org.springframework.beans.factory.UnsatisfiedDependencyException: Error creating bean with name 'rules599Application': Unsatisfied dependency expressed through field 'trainerConfig'; nested exception is org.springframework.beans.factory.NoSuchBeanDefinitionException: No qualifying bean of type 'ca.ucalgary.rules599.config.TrainerConfig' available: expected at least 1 bean which qualifies as autowire candidate. Dependency annotations: {@org.springframework.beans.factory.annotation.Autowired(required=true)}
DESKTOP-V3TA1NH RuleGenerator 13:12:49.053 [32m[main][0;39m [1;31mERROR[0;39m o.s.b.diagnostics.LoggingFailureAnalysisReporter - 

***************************
APPLICATION FAILED TO START
***************************

Description:

Field trainerConfig in ca.ucalgary.rules599.Rules599Application required a bean of type 'ca.ucalgary.rules599.config.TrainerConfig' that could not be found.


Action:

Consider defining a bean of type 'ca.ucalgary.rules599.config.TrainerConfig' in your configuration.

DESKTOP-V3TA1NH RuleGenerator 13:23:18.653 [32m[main][0;39m [34mINFO[0;39m ca.ucalgary.rules599.Rules599Application -  STARTING Rules599 APPLICATION
DESKTOP-V3TA1NH RuleGenerator 13:23:19.661 [32m[main][0;39m [34mINFO[0;39m ca.ucalgary.rules599.Rules599Application - Starting Rules599Application v1.0-SNAPSHOT on DESKTOP-V3TA1NH with PID 20588 (C:\Users\Hatcher\Documents\GitHub\Test\CPSC599.44-MachineLearning\target\rules_599-1.0-SNAPSHOT-spring-boot.jar started by Hatcher in C:\Users\Hatcher\Documents\GitHub\Test\CPSC599.44-MachineLearning)
DESKTOP-V3TA1NH RuleGenerator 13:23:19.663 [32m[main][0;39m [34mINFO[0;39m ca.ucalgary.rules599.Rules599Application - The following profiles are active: local
DESKTOP-V3TA1NH RuleGenerator 13:23:19.685 [32m[main][0;39m [34mINFO[0;39m o.s.c.a.AnnotationConfigApplicationContext - Refreshing org.springframework.context.annotation.AnnotationConfigApplicationContext@23529fee: startup date [Thu Apr 09 13:23:19 MDT 2020]; root of context hierarchy
DESKTOP-V3TA1NH RuleGenerator 13:23:19.881 [32m[main][0;39m [31mWARN[0;39m o.s.c.a.AnnotationConfigApplicationContext - Exception encountered during context initialization - cancelling refresh attempt: org.springframework.beans.factory.UnsatisfiedDependencyException: Error creating bean with name 'rules599Application': Unsatisfied dependency expressed through field 'trainerConfig'; nested exception is org.springframework.beans.factory.NoSuchBeanDefinitionException: No qualifying bean of type 'ca.ucalgary.rules599.config.TrainerConfig' available: expected at least 1 bean which qualifies as autowire candidate. Dependency annotations: {@org.springframework.beans.factory.annotation.Autowired(required=true)}
DESKTOP-V3TA1NH RuleGenerator 13:23:19.897 [32m[main][0;39m [1;31mERROR[0;39m o.s.b.diagnostics.LoggingFailureAnalysisReporter - 

***************************
APPLICATION FAILED TO START
***************************

Description:

Field trainerConfig in ca.ucalgary.rules599.Rules599Application required a bean of type 'ca.ucalgary.rules599.config.TrainerConfig' that could not be found.


Action:

Consider defining a bean of type 'ca.ucalgary.rules599.config.TrainerConfig' in your configuration.

DESKTOP-V3TA1NH RuleGenerator 13:29:24.259 [32m[main][0;39m [34mINFO[0;39m ca.ucalgary.rules599.Rules599Application -  STARTING Rules599 APPLICATION
DESKTOP-V3TA1NH RuleGenerator 13:29:25.230 [32m[main][0;39m [34mINFO[0;39m ca.ucalgary.rules599.Rules599Application - Starting Rules599Application v1.0-SNAPSHOT on DESKTOP-V3TA1NH with PID 17148 (C:\Users\Hatcher\Documents\GitHub\Test\CPSC599.44-MachineLearning\target\rules_599-1.0-SNAPSHOT-spring-boot.jar started by Hatcher in C:\Users\Hatcher\Documents\GitHub\Test\CPSC599.44-MachineLearning)
DESKTOP-V3TA1NH RuleGenerator 13:29:25.232 [32m[main][0;39m [34mINFO[0;39m ca.ucalgary.rules599.Rules599Application - The following profiles are active: local
DESKTOP-V3TA1NH RuleGenerator 13:29:25.265 [32m[main][0;39m [34mINFO[0;39m o.s.c.a.AnnotationConfigApplicationContext - Refreshing org.springframework.context.annotation.AnnotationConfigApplicationContext@23529fee: startup date [Thu Apr 09 13:29:25 MDT 2020]; root of context hierarchy
DESKTOP-V3TA1NH RuleGenerator 13:29:25.454 [32m[main][0;39m [31mWARN[0;39m o.s.c.a.AnnotationConfigApplicationContext - Exception encountered during context initialization - cancelling refresh attempt: org.springframework.beans.factory.UnsatisfiedDependencyException: Error creating bean with name 'rules599Application': Unsatisfied dependency expressed through field 'trainerConfig'; nested exception is org.springframework.beans.factory.NoSuchBeanDefinitionException: No qualifying bean of type 'ca.ucalgary.rules599.config.TrainerConfig' available: expected at least 1 bean which qualifies as autowire candidate. Dependency annotations: {@org.springframework.beans.factory.annotation.Autowired(required=true)}
DESKTOP-V3TA1NH RuleGenerator 13:29:25.483 [32m[main][0;39m [1;31mERROR[0;39m o.s.b.diagnostics.LoggingFailureAnalysisReporter - 

***************************
APPLICATION FAILED TO START
***************************

Description:

Field trainerConfig in ca.ucalgary.rules599.Rules599Application required a bean of type 'ca.ucalgary.rules599.config.TrainerConfig' that could not be found.


Action:

Consider defining a bean of type 'ca.ucalgary.rules599.config.TrainerConfig' in your configuration.

DESKTOP-V3TA1NH RuleGenerator 13:30:24.160 [32m[main][0;39m [34mINFO[0;39m ca.ucalgary.rules599.Rules599Application -  STARTING Rules599 APPLICATION
DESKTOP-V3TA1NH RuleGenerator 13:30:25.071 [32m[main][0;39m [34mINFO[0;39m ca.ucalgary.rules599.Rules599Application - Starting Rules599Application v1.0-SNAPSHOT on DESKTOP-V3TA1NH with PID 23212 (C:\Users\Hatcher\Documents\GitHub\Test\CPSC599.44-MachineLearning\target\rules_599-1.0-SNAPSHOT-spring-boot.jar started by Hatcher in C:\Users\Hatcher\Documents\GitHub\Test\CPSC599.44-MachineLearning)
DESKTOP-V3TA1NH RuleGenerator 13:30:25.075 [32m[main][0;39m [34mINFO[0;39m ca.ucalgary.rules599.Rules599Application - The following profiles are active: local
DESKTOP-V3TA1NH RuleGenerator 13:30:25.099 [32m[main][0;39m [34mINFO[0;39m o.s.c.a.AnnotationConfigApplicationContext - Refreshing org.springframework.context.annotation.AnnotationConfigApplicationContext@23529fee: startup date [Thu Apr 09 13:30:25 MDT 2020]; root of context hierarchy
DESKTOP-V3TA1NH RuleGenerator 13:30:25.300 [32m[main][0;39m [31mWARN[0;39m o.s.c.a.AnnotationConfigApplicationContext - Exception encountered during context initialization - cancelling refresh attempt: org.springframework.beans.factory.UnsatisfiedDependencyException: Error creating bean with name 'rules599Application': Unsatisfied dependency expressed through field 'trainerConfig'; nested exception is org.springframework.beans.factory.NoSuchBeanDefinitionException: No qualifying bean of type 'ca.ucalgary.rules599.config.TrainerConfig' available: expected at least 1 bean which qualifies as autowire candidate. Dependency annotations: {@org.springframework.beans.factory.annotation.Autowired(required=true)}
DESKTOP-V3TA1NH RuleGenerator 13:30:25.310 [32m[main][0;39m [1;31mERROR[0;39m o.s.b.diagnostics.LoggingFailureAnalysisReporter - 

***************************
APPLICATION FAILED TO START
***************************

Description:

Field trainerConfig in ca.ucalgary.rules599.Rules599Application required a bean of type 'ca.ucalgary.rules599.config.TrainerConfig' that could not be found.


Action:

Consider defining a bean of type 'ca.ucalgary.rules599.config.TrainerConfig' in your configuration.

DESKTOP-V3TA1NH RuleGenerator 13:43:23.994 [32m[main][0;39m [34mINFO[0;39m ca.ucalgary.rules599.Rules599Application -  STARTING Rules599 APPLICATION
DESKTOP-V3TA1NH RuleGenerator 13:43:24.776 [32m[main][0;39m [34mINFO[0;39m ca.ucalgary.rules599.Rules599Application - Starting Rules599Application v1.0-SNAPSHOT on DESKTOP-V3TA1NH with PID 20832 (C:\Users\Hatcher\Documents\GitHub\Test\CPSC599.44-MachineLearning\target\rules_599-1.0-SNAPSHOT-spring-boot.jar started by Hatcher in C:\Users\Hatcher\Documents\GitHub\Test\CPSC599.44-MachineLearning)
DESKTOP-V3TA1NH RuleGenerator 13:43:24.778 [32m[main][0;39m [34mINFO[0;39m ca.ucalgary.rules599.Rules599Application - The following profiles are active: local
DESKTOP-V3TA1NH RuleGenerator 13:43:24.849 [32m[main][0;39m [34mINFO[0;39m o.s.c.a.AnnotationConfigApplicationContext - Refreshing org.springframework.context.annotation.AnnotationConfigApplicationContext@23529fee: startup date [Thu Apr 09 13:43:24 MDT 2020]; root of context hierarchy
DESKTOP-V3TA1NH RuleGenerator 13:43:26.149 [32m[main][0;39m [34mINFO[0;39m o.s.jmx.export.annotation.AnnotationMBeanExporter - Registering beans for JMX exposure on startup
DESKTOP-V3TA1NH RuleGenerator 13:43:26.186 [32m[main][0;39m [34mINFO[0;39m ca.ucalgary.rules599.Rules599Application - Started Rules599Application in 1.986 seconds (JVM running for 2.943)
DESKTOP-V3TA1NH RuleGenerator 13:43:26.189 [32m[main][0;39m [34mINFO[0;39m ca.ucalgary.rules599.Rules599Application -  EXECUTING : Rules599Application
DESKTOP-V3TA1NH RuleGenerator 13:43:26.191 [32m[Thread-1][0;39m [34mINFO[0;39m o.s.c.a.AnnotationConfigApplicationContext - Closing org.springframework.context.annotation.AnnotationConfigApplicationContext@23529fee: startup date [Thu Apr 09 13:43:24 MDT 2020]; root of context hierarchy
DESKTOP-V3TA1NH RuleGenerator 13:43:26.194 [32m[Thread-1][0;39m [34mINFO[0;39m o.s.jmx.export.annotation.AnnotationMBeanExporter - Unregistering JMX-exposed beans on shutdown
DESKTOP-V3TA1NH RuleGenerator 14:30:50.805 [32m[main][0;39m [34mINFO[0;39m ca.ucalgary.rules599.Rules599Application -  STARTING Rules599 APPLICATION
DESKTOP-V3TA1NH RuleGenerator 14:30:51.732 [32m[main][0;39m [34mINFO[0;39m ca.ucalgary.rules599.Rules599Application - Starting Rules599Application v1.0-SNAPSHOT on DESKTOP-V3TA1NH with PID 9148 (C:\Users\Hatcher\Documents\GitHub\Test\CPSC599.44-MachineLearning\target\rules_599-1.0-SNAPSHOT-spring-boot.jar started by Hatcher in C:\Users\Hatcher\Documents\GitHub\Test\CPSC599.44-MachineLearning)
DESKTOP-V3TA1NH RuleGenerator 14:30:51.734 [32m[main][0;39m [34mINFO[0;39m ca.ucalgary.rules599.Rules599Application - The following profiles are active: local
DESKTOP-V3TA1NH RuleGenerator 14:30:51.814 [32m[main][0;39m [34mINFO[0;39m o.s.c.a.AnnotationConfigApplicationContext - Refreshing org.springframework.context.annotation.AnnotationConfigApplicationContext@23529fee: startup date [Thu Apr 09 14:30:51 MDT 2020]; root of context hierarchy
DESKTOP-V3TA1NH RuleGenerator 14:30:53.121 [32m[main][0;39m [34mINFO[0;39m o.s.jmx.export.annotation.AnnotationMBeanExporter - Registering beans for JMX exposure on startup
DESKTOP-V3TA1NH RuleGenerator 14:30:53.153 [32m[main][0;39m [34mINFO[0;39m ca.ucalgary.rules599.Rules599Application - Started Rules599Application in 2.069 seconds (JVM running for 3.132)
DESKTOP-V3TA1NH RuleGenerator 14:30:53.154 [32m[main][0;39m [34mINFO[0;39m ca.ucalgary.rules599.Rules599Application -  EXECUTING : Rules599Application
DESKTOP-V3TA1NH RuleGenerator 14:30:53.156 [32m[Thread-1][0;39m [34mINFO[0;39m o.s.c.a.AnnotationConfigApplicationContext - Closing org.springframework.context.annotation.AnnotationConfigApplicationContext@23529fee: startup date [Thu Apr 09 14:30:51 MDT 2020]; root of context hierarchy
DESKTOP-V3TA1NH RuleGenerator 14:30:53.161 [32m[Thread-1][0;39m [34mINFO[0;39m o.s.jmx.export.annotation.AnnotationMBeanExporter - Unregistering JMX-exposed beans on shutdown
DESKTOP-V3TA1NH RuleGenerator 14:37:11.927 [32m[main][0;39m [34mINFO[0;39m ca.ucalgary.rules599.Rules599Application -  STARTING Rules599 APPLICATION
DESKTOP-V3TA1NH RuleGenerator 14:37:13.070 [32m[main][0;39m [34mINFO[0;39m ca.ucalgary.rules599.Rules599Application - Starting Rules599Application v1.0-SNAPSHOT on DESKTOP-V3TA1NH with PID 25732 (C:\Users\Hatcher\Documents\GitHub\Test\CPSC599.44-MachineLearning\target\rules_599-1.0-SNAPSHOT-spring-boot.jar started by Hatcher in C:\Users\Hatcher\Documents\GitHub\Test\CPSC599.44-MachineLearning)
DESKTOP-V3TA1NH RuleGenerator 14:37:13.071 [32m[main][0;39m [34mINFO[0;39m ca.ucalgary.rules599.Rules599Application - The following profiles are active: local
DESKTOP-V3TA1NH RuleGenerator 14:37:13.188 [32m[main][0;39m [34mINFO[0;39m o.s.c.a.AnnotationConfigApplicationContext - Refreshing org.springframework.context.annotation.AnnotationConfigApplicationContext@43ee72e6: startup date [Thu Apr 09 14:37:13 MDT 2020]; root of context hierarchy
DESKTOP-V3TA1NH RuleGenerator 14:37:15.077 [32m[main][0;39m [34mINFO[0;39m o.s.jmx.export.annotation.AnnotationMBeanExporter - Registering beans for JMX exposure on startup
DESKTOP-V3TA1NH RuleGenerator 14:37:15.109 [32m[main][0;39m [34mINFO[0;39m ca.ucalgary.rules599.Rules599Application - Started Rules599Application in 2.822 seconds (JVM running for 4.292)
DESKTOP-V3TA1NH RuleGenerator 14:37:15.112 [32m[main][0;39m [34mINFO[0;39m ca.ucalgary.rules599.Rules599Application -  EXECUTING : Rules599Application
DESKTOP-V3TA1NH RuleGenerator 14:37:15.118 [32m[Thread-1][0;39m [34mINFO[0;39m o.s.c.a.AnnotationConfigApplicationContext - Closing org.springframework.context.annotation.AnnotationConfigApplicationContext@43ee72e6: startup date [Thu Apr 09 14:37:13 MDT 2020]; root of context hierarchy
DESKTOP-V3TA1NH RuleGenerator 14:37:15.122 [32m[Thread-1][0;39m [34mINFO[0;39m o.s.jmx.export.annotation.AnnotationMBeanExporter - Unregistering JMX-exposed beans on shutdown
DESKTOP-V3TA1NH RuleGenerator 20:23:07.950 [32m[main][0;39m [34mINFO[0;39m ca.ucalgary.rules599.Rules599Application -  STARTING Rules599 APPLICATION
DESKTOP-V3TA1NH RuleGenerator 20:23:08.725 [32m[main][0;39m [34mINFO[0;39m ca.ucalgary.rules599.Rules599Application - Starting Rules599Application v1.0-SNAPSHOT on DESKTOP-V3TA1NH with PID 2632 (C:\Users\Hatcher\Documents\GitHub\Test\CPSC599.44-MachineLearning\target\rules_599-1.0-SNAPSHOT-spring-boot.jar started by Hatcher in C:\Users\Hatcher\Documents\GitHub\Test\CPSC599.44-MachineLearning)
DESKTOP-V3TA1NH RuleGenerator 20:23:08.726 [32m[main][0;39m [34mINFO[0;39m ca.ucalgary.rules599.Rules599Application - The following profiles are active: local
DESKTOP-V3TA1NH RuleGenerator 20:23:08.786 [32m[main][0;39m [34mINFO[0;39m o.s.c.a.AnnotationConfigApplicationContext - Refreshing org.springframework.context.annotation.AnnotationConfigApplicationContext@23529fee: startup date [Thu Apr 09 20:23:08 MDT 2020]; root of context hierarchy
DESKTOP-V3TA1NH RuleGenerator 20:23:10.169 [32m[main][0;39m [34mINFO[0;39m o.s.jmx.export.annotation.AnnotationMBeanExporter - Registering beans for JMX exposure on startup
DESKTOP-V3TA1NH RuleGenerator 20:23:10.192 [32m[main][0;39m [34mINFO[0;39m ca.ucalgary.rules599.Rules599Application - Started Rules599Application in 2.021 seconds (JVM running for 3.135)
DESKTOP-V3TA1NH RuleGenerator 20:23:10.194 [32m[main][0;39m [34mINFO[0;39m ca.ucalgary.rules599.Rules599Application -  EXECUTING : Rules599Application
DESKTOP-V3TA1NH RuleGenerator 20:23:10.196 [32m[Thread-1][0;39m [34mINFO[0;39m o.s.c.a.AnnotationConfigApplicationContext - Closing org.springframework.context.annotation.AnnotationConfigApplicationContext@23529fee: startup date [Thu Apr 09 20:23:08 MDT 2020]; root of context hierarchy
DESKTOP-V3TA1NH RuleGenerator 20:23:10.200 [32m[Thread-1][0;39m [34mINFO[0;39m o.s.jmx.export.annotation.AnnotationMBeanExporter - Unregistering JMX-exposed beans on shutdown
DESKTOP-V3TA1NH RuleGenerator 20:25:57.154 [32m[main][0;39m [34mINFO[0;39m ca.ucalgary.rules599.Rules599Application -  STARTING Rules599 APPLICATION
DESKTOP-V3TA1NH RuleGenerator 20:25:58.486 [32m[main][0;39m [34mINFO[0;39m ca.ucalgary.rules599.Rules599Application - Starting Rules599Application v1.0-SNAPSHOT on DESKTOP-V3TA1NH with PID 9192 (C:\Users\Hatcher\Documents\GitHub\Test\CPSC599.44-MachineLearning\target\rules_599-1.0-SNAPSHOT-spring-boot.jar started by Hatcher in C:\Users\Hatcher\Documents\GitHub\Test\CPSC599.44-MachineLearning)
DESKTOP-V3TA1NH RuleGenerator 20:25:58.488 [32m[main][0;39m [34mINFO[0;39m ca.ucalgary.rules599.Rules599Application - The following profiles are active: local
DESKTOP-V3TA1NH RuleGenerator 20:25:58.569 [32m[main][0;39m [34mINFO[0;39m o.s.c.a.AnnotationConfigApplicationContext - Refreshing org.springframework.context.annotation.AnnotationConfigApplicationContext@23529fee: startup date [Thu Apr 09 20:25:58 MDT 2020]; root of context hierarchy
DESKTOP-V3TA1NH RuleGenerator 20:26:00.229 [32m[main][0;39m [34mINFO[0;39m o.s.jmx.export.annotation.AnnotationMBeanExporter - Registering beans for JMX exposure on startup
DESKTOP-V3TA1NH RuleGenerator 20:26:00.247 [32m[main][0;39m [34mINFO[0;39m ca.ucalgary.rules599.Rules599Application - Started Rules599Application in 2.725 seconds (JVM running for 4.081)
DESKTOP-V3TA1NH RuleGenerator 20:26:00.251 [32m[main][0;39m [34mINFO[0;39m ca.ucalgary.rules599.Rules599Application -  EXECUTING : Rules599Application
DESKTOP-V3TA1NH RuleGenerator 20:26:00.259 [32m[Thread-1][0;39m [34mINFO[0;39m o.s.c.a.AnnotationConfigApplicationContext - Closing org.springframework.context.annotation.AnnotationConfigApplicationContext@23529fee: startup date [Thu Apr 09 20:25:58 MDT 2020]; root of context hierarchy
DESKTOP-V3TA1NH RuleGenerator 20:26:00.264 [32m[Thread-1][0;39m [34mINFO[0;39m o.s.jmx.export.annotation.AnnotationMBeanExporter - Unregistering JMX-exposed beans on shutdown
